The C compiler identification could not be found in "/home/jotavecorta/proyectos/algoritmos_1/src/labo07/cmake-build-debug-coverage/CMakeFiles/3.16.3/CompilerIdC/CMakeCCompilerId.gcno"

The CXX compiler identification could not be found in "/home/jotavecorta/proyectos/algoritmos_1/src/labo07/cmake-build-debug-coverage/CMakeFiles/3.16.3/CompilerIdCXX/CMakeCXXCompilerId.gcno"

Performing C SOURCE FILE Test CMAKE_HAVE_LIBC_PTHREAD failed with the following output:
Change Dir: /home/jotavecorta/proyectos/algoritmos_1/src/labo07/cmake-build-debug-coverage/CMakeFiles/CMakeTmp

Run Build Command(s):/usr/bin/make cmTC_f8124/fast && /usr/bin/make -f CMakeFiles/cmTC_f8124.dir/build.make CMakeFiles/cmTC_f8124.dir/build
make[1]: Entering directory '/home/jotavecorta/proyectos/algoritmos_1/src/labo07/cmake-build-debug-coverage/CMakeFiles/CMakeTmp'
Building C object CMakeFiles/cmTC_f8124.dir/src.c.o
/usr/bin/cc   --coverage -DCMAKE_HAVE_LIBC_PTHREAD   -o CMakeFiles/cmTC_f8124.dir/src.c.o   -c /home/jotavecorta/proyectos/algoritmos_1/src/labo07/cmake-build-debug-coverage/CMakeFiles/CMakeTmp/src.c
Linking C executable cmTC_f8124
/usr/bin/cmake -E cmake_link_script CMakeFiles/cmTC_f8124.dir/link.txt --verbose=1
/usr/bin/cc --coverage -DCMAKE_HAVE_LIBC_PTHREAD    -rdynamic CMakeFiles/cmTC_f8124.dir/src.c.o  -o cmTC_f8124 
/usr/bin/ld: CMakeFiles/cmTC_f8124.dir/src.c.o: in function `main':
src.c:(.text+0x6a): undefined reference to `pthread_create'
/usr/bin/ld: src.c:(.text+0x88): undefined reference to `pthread_detach'
/usr/bin/ld: src.c:(.text+0xab): undefined reference to `pthread_join'
collect2: error: ld returned 1 exit status
make[1]: *** [CMakeFiles/cmTC_f8124.dir/build.make:87: cmTC_f8124] Error 1
make[1]: Leaving directory '/home/jotavecorta/proyectos/algoritmos_1/src/labo07/cmake-build-debug-coverage/CMakeFiles/CMakeTmp'
make: *** [Makefile:121: cmTC_f8124/fast] Error 2


Source file was:
#include <pthread.h>

void* test_func(void* data)
{
  return data;
}

int main(void)
{
  pthread_t thread;
  pthread_create(&thread, NULL, test_func, NULL);
  pthread_detach(thread);
  pthread_join(thread, NULL);
  pthread_atfork(NULL, NULL, NULL);
  pthread_exit(NULL);

  return 0;
}

